<?xml version="1.0" encoding="UTF-8"?>
<robot generator="Robot 5.0.1 (Python 3.10.5 on win32)" generated="20220709 10:22:41.263" rpa="false" schemaversion="3">
<suite id="s1" name="Amazon Testes Gherkin Bdd" source="C:\CursoUdemy\RobotFrameWork\WebTesting\amazon_testes_gherkin_bdd.robot">
<test id="s1-t1" name="Caso de Teste 04 - Remover Produto do Carrinho" line="35">
<kw name="Abrir o navegador" library="amazon_resources" type="SETUP">
<kw name="Open Browser" library="SeleniumLibrary">
<arg>browser=chrome</arg>
<doc>Opens a new browser instance to the optional ``url``.</doc>
<msg timestamp="20220709 10:22:41.441" level="INFO">Opening browser 'chrome' to base url 'None'.</msg>
<status status="PASS" starttime="20220709 10:22:41.441" endtime="20220709 10:22:42.456"/>
</kw>
<kw name="Maximize Browser Window" library="SeleniumLibrary">
<doc>Maximizes current browser window.</doc>
<status status="PASS" starttime="20220709 10:22:42.456" endtime="20220709 10:22:42.567"/>
</kw>
<status status="PASS" starttime="20220709 10:22:41.441" endtime="20220709 10:22:42.567"/>
</kw>
<kw name="Dado que estou na home page da Amazon.com.br" library="amazon_resources">
<kw name="Acessar a home page do site Amazon.com.br" library="amazon_resources">
<kw name="Go To" library="SeleniumLibrary">
<arg>url=${URL}</arg>
<doc>Navigates the current browser window to the provided ``url``.</doc>
<msg timestamp="20220709 10:22:42.568" level="INFO">Opening url 'https://www.amazon.com.br'</msg>
<status status="PASS" starttime="20220709 10:22:42.568" endtime="20220709 10:22:45.697"/>
</kw>
<kw name="Wait Until Element Is Visible" library="SeleniumLibrary">
<arg>locator=${MENU_ELETRONICOS}</arg>
<doc>Waits until the element ``locator`` is visible.</doc>
<status status="PASS" starttime="20220709 10:22:45.697" endtime="20220709 10:22:45.714"/>
</kw>
<status status="PASS" starttime="20220709 10:22:42.568" endtime="20220709 10:22:45.714"/>
</kw>
<kw name="Verificar se o título da página fica &quot;Amazon.com.br | Tudo pra você, de A a Z.&quot;" library="amazon_resources" sourcename="Verificar se o título da página fica &quot;${TITULO}&quot;">
<kw name="Title Should Be" library="SeleniumLibrary">
<arg>title=${TITULO}</arg>
<doc>Verifies that the current page title equals ``title``.</doc>
<msg timestamp="20220709 10:22:45.717" level="INFO">Page title is 'Amazon.com.br | Tudo pra você, de A a Z.'.</msg>
<status status="PASS" starttime="20220709 10:22:45.714" endtime="20220709 10:22:45.717"/>
</kw>
<status status="PASS" starttime="20220709 10:22:45.714" endtime="20220709 10:22:45.717"/>
</kw>
<status status="PASS" starttime="20220709 10:22:42.567" endtime="20220709 10:22:45.717"/>
</kw>
<kw name="Quando pesquisar pelo produto &quot;Console Xbox Series S&quot;" library="amazon_resources">
<kw name="Digitar o nome de produto &quot;Console Xbox Series S&quot; no campo de pesquisa" library="amazon_resources" sourcename="Digitar o nome de produto &quot;${PRODUTO}&quot; no campo de pesquisa">
<kw name="Input Text" library="SeleniumLibrary">
<arg>locator=twotabsearchtextbox</arg>
<arg>text=${PRODUTO}</arg>
<doc>Types the given ``text`` into the text field identified by ``locator``.</doc>
<msg timestamp="20220709 10:22:45.718" level="INFO">Typing text 'Console Xbox Series S' into text field 'twotabsearchtextbox'.</msg>
<status status="PASS" starttime="20220709 10:22:45.718" endtime="20220709 10:22:45.825"/>
</kw>
<status status="PASS" starttime="20220709 10:22:45.718" endtime="20220709 10:22:45.825"/>
</kw>
<kw name="Clicar no botão de pesquisa" library="amazon_resources">
<kw name="Click Element" library="SeleniumLibrary">
<arg>locator=nav-search-submit-button</arg>
<doc>Click the element identified by ``locator``.</doc>
<msg timestamp="20220709 10:22:45.826" level="INFO">Clicking element 'nav-search-submit-button'.</msg>
<status status="PASS" starttime="20220709 10:22:45.825" endtime="20220709 10:22:47.093"/>
</kw>
<status status="PASS" starttime="20220709 10:22:45.825" endtime="20220709 10:22:47.094"/>
</kw>
<status status="PASS" starttime="20220709 10:22:45.717" endtime="20220709 10:22:47.094"/>
</kw>
<kw name="Então o título da página deve ficar &quot;Amazon.com.br : Console Xbox Series S&quot;" library="amazon_resources">
<kw name="Verificar se o título da página fica &quot;Amazon.com.br : Console Xbox Series S&quot;" library="amazon_resources" sourcename="Verificar se o título da página fica &quot;${TITULO}&quot;">
<kw name="Title Should Be" library="SeleniumLibrary">
<arg>title=${TITULO}</arg>
<doc>Verifies that the current page title equals ``title``.</doc>
<msg timestamp="20220709 10:22:47.097" level="INFO">Page title is 'Amazon.com.br : Console Xbox Series S'.</msg>
<status status="PASS" starttime="20220709 10:22:47.095" endtime="20220709 10:22:47.097"/>
</kw>
<status status="PASS" starttime="20220709 10:22:47.094" endtime="20220709 10:22:47.097"/>
</kw>
<status status="PASS" starttime="20220709 10:22:47.094" endtime="20220709 10:22:47.097"/>
</kw>
<kw name="E um produto da linha &quot;Console Xbox Series S&quot; deve ser mostrado na página" library="amazon_resources">
<kw name="Verificar o resultado da pesquisa, se está listando o produto pesquisado &quot;Console Xbox Series S&quot;" library="amazon_resources" sourcename="Verificar o resultado da pesquisa, se está listando o produto pesquisado &quot;${PRODUTO}&quot;">
<kw name="Wait Until Element Is Visible" library="SeleniumLibrary">
<arg>locator=//span[@class='a-color-state a-text-bold'][contains(.,'"${PRODUTO}"')]</arg>
<doc>Waits until the element ``locator`` is visible.</doc>
<status status="PASS" starttime="20220709 10:22:47.098" endtime="20220709 10:22:47.115"/>
</kw>
<status status="PASS" starttime="20220709 10:22:47.098" endtime="20220709 10:22:47.115"/>
</kw>
<status status="PASS" starttime="20220709 10:22:47.097" endtime="20220709 10:22:47.115"/>
</kw>
<kw name="E adicionar o produto &quot;Xbox Series S&quot; no carrinho" library="amazon_resources">
<kw name="Adicionar o produto &quot;Xbox Series S&quot; no carrinho" library="amazon_resources" sourcename="Adicionar o produto &quot;${PRODUTO}&quot; no carrinho">
<kw name="Wait Until Element Is Visible" library="SeleniumLibrary">
<arg>locator=//img[@alt='${PRODUTO}']</arg>
<doc>Waits until the element ``locator`` is visible.</doc>
<status status="PASS" starttime="20220709 10:22:47.116" endtime="20220709 10:22:47.128"/>
</kw>
<kw name="Click Element" library="SeleniumLibrary">
<arg>locator=//img[@alt='${PRODUTO}']</arg>
<doc>Click the element identified by ``locator``.</doc>
<msg timestamp="20220709 10:22:47.128" level="INFO">Clicking element '//img[@alt='Xbox Series S']'.</msg>
<status status="PASS" starttime="20220709 10:22:47.128" endtime="20220709 10:22:49.777"/>
</kw>
<kw name="Click Element" library="SeleniumLibrary">
<arg>locator=add-to-cart-button</arg>
<doc>Click the element identified by ``locator``.</doc>
<msg timestamp="20220709 10:22:49.777" level="INFO">Clicking element 'add-to-cart-button'.</msg>
<status status="PASS" starttime="20220709 10:22:49.777" endtime="20220709 10:22:50.889"/>
</kw>
<status status="PASS" starttime="20220709 10:22:47.115" endtime="20220709 10:22:50.889"/>
</kw>
<status status="PASS" starttime="20220709 10:22:47.115" endtime="20220709 10:22:50.890"/>
</kw>
<kw name="E verificar se o produto &quot;Console Xbox Series S&quot; foi adicionado com sucesso" library="amazon_resources">
<kw name="Verificar se o produto &quot;Console Xbox Series S&quot; foi adicionado com sucesso" library="amazon_resources">
<kw name="Wait Until Element Is Visible" library="SeleniumLibrary">
<arg>locator=//div[@class='a-section a-padding-medium sw-atc-message-section'][contains(.,'Adicionado ao carrinho')]</arg>
<doc>Waits until the element ``locator`` is visible.</doc>
<status status="PASS" starttime="20220709 10:22:50.891" endtime="20220709 10:22:50.910"/>
</kw>
<status status="PASS" starttime="20220709 10:22:50.890" endtime="20220709 10:22:50.910"/>
</kw>
<status status="PASS" starttime="20220709 10:22:50.890" endtime="20220709 10:22:50.910"/>
</kw>
<kw name="E remover o produto &quot;Console Xbox Series S&quot; do carrinho" library="amazon_resources">
<kw name="Remover o produto &quot;Console Xbox Series S&quot; do carrinho" library="amazon_resources">
<kw name="Click Element" library="SeleniumLibrary">
<arg>locator=//span[@class='a-button-inner'][contains(.,'Ir para o carrinho')]</arg>
<doc>Click the element identified by ``locator``.</doc>
<msg timestamp="20220709 10:22:50.911" level="INFO">Clicking element '//span[@class='a-button-inner'][contains(.,'Ir para o carrinho')]'.</msg>
<status status="PASS" starttime="20220709 10:22:50.911" endtime="20220709 10:22:51.848"/>
</kw>
<kw name="Click Element" library="SeleniumLibrary">
<arg>locator=//input[@value='Excluir']</arg>
<doc>Click the element identified by ``locator``.</doc>
<msg timestamp="20220709 10:22:51.848" level="INFO">Clicking element '//input[@value='Excluir']'.</msg>
<status status="PASS" starttime="20220709 10:22:51.848" endtime="20220709 10:22:51.907"/>
</kw>
<status status="PASS" starttime="20220709 10:22:50.910" endtime="20220709 10:22:51.907"/>
</kw>
<status status="PASS" starttime="20220709 10:22:50.910" endtime="20220709 10:22:51.907"/>
</kw>
<kw name="E verificar se o carrinho fica vazio" library="amazon_resources">
<kw name="Verificar se o carrinho fica vazio" library="amazon_resources">
<kw name="Wait Until Element Is Visible" library="SeleniumLibrary">
<arg>locator=//h1[@class='a-spacing-mini a-spacing-top-base'][contains(.,'Seu carrinho de compras da Amazon está vazio.')]</arg>
<doc>Waits until the element ``locator`` is visible.</doc>
<status status="PASS" starttime="20220709 10:22:51.908" endtime="20220709 10:22:52.350"/>
</kw>
<status status="PASS" starttime="20220709 10:22:51.908" endtime="20220709 10:22:52.350"/>
</kw>
<status status="PASS" starttime="20220709 10:22:51.908" endtime="20220709 10:22:52.350"/>
</kw>
<kw name="Fechar o navegador" library="amazon_resources" type="TEARDOWN">
<kw name="Capture Page Screenshot" library="SeleniumLibrary">
<doc>Takes a screenshot of the current page and embeds it into a log file.</doc>
<msg timestamp="20220709 10:22:52.499" level="INFO" html="true">&lt;/td&gt;&lt;/tr&gt;&lt;tr&gt;&lt;td colspan="3"&gt;&lt;a href="selenium-screenshot-9.png"&gt;&lt;img src="selenium-screenshot-9.png" width="800px"&gt;&lt;/a&gt;</msg>
<status status="PASS" starttime="20220709 10:22:52.351" endtime="20220709 10:22:52.499"/>
</kw>
<kw name="Close Browser" library="SeleniumLibrary">
<doc>Closes the current browser.</doc>
<status status="PASS" starttime="20220709 10:22:52.499" endtime="20220709 10:22:54.614"/>
</kw>
<status status="PASS" starttime="20220709 10:22:52.351" endtime="20220709 10:22:54.614"/>
</kw>
<doc>Esse teste verifica a remoção de um produto no carrinho de compras</doc>
<tag>remover_carrinho</tag>
<status status="PASS" starttime="20220709 10:22:41.440" endtime="20220709 10:22:54.614"/>
</test>
<doc>Essa suite testa o site da Amazon.com.br</doc>
<status status="PASS" starttime="20220709 10:22:41.264" endtime="20220709 10:22:54.615"/>
</suite>
<statistics>
<total>
<stat pass="1" fail="0" skip="0">All Tests</stat>
</total>
<tag>
<stat pass="1" fail="0" skip="0">remover_carrinho</stat>
</tag>
<suite>
<stat pass="1" fail="0" skip="0" id="s1" name="Amazon Testes Gherkin Bdd">Amazon Testes Gherkin Bdd</stat>
</suite>
</statistics>
<errors>
</errors>
</robot>
